<?xml version="1.0" encoding="UTF-8"?>
<testng-results skipped="0" failed="0" ignored="0" total="1" passed="1">
  <reporter-output>
  </reporter-output>
  <suite name="Default suite" duration-ms="11339" started-at="2020-12-15T17:36:04 IST" finished-at="2020-12-15T17:36:15 IST">
    <groups>
    </groups>
    <test name="Default test" duration-ms="11339" started-at="2020-12-15T17:36:04 IST" finished-at="2020-12-15T17:36:15 IST">
      <class name="com.herokuapp.internet.PositiveTests">
        <test-method status="PASS" signature="loginTests()[pri:0, instance:com.herokuapp.internet.PositiveTests@6737fd8f]" name="loginTests" duration-ms="11287" started-at="2020-12-15T17:36:04 IST" finished-at="2020-12-15T17:36:15 IST">
          <reporter-output>
          </reporter-output>
        </test-method> <!-- loginTests -->
      </class> <!-- com.herokuapp.internet.PositiveTests -->
    </test> <!-- Default test -->
  </suite> <!-- Default suite -->
</testng-results>
